<?xml version="1.0" encoding="utf-8"?>
<coverage line-rate="0.8739" branch-rate="0.5721" version="1.9" timestamp="1746445664" lines-covered="513" lines-valid="587" branches-covered="111" branches-valid="194">
  <sources>
    <source></source>
  </sources>
  <packages>
    <package name="EnviroMonitorApp.Core" line-rate="0.8739" branch-rate="0.5721" complexity="311">
      <classes>
        <class name="EnviroMonitorApp.ViewModels.HistoricalDataViewModel" filename="https://raw.githubusercontent.com/cooperkeenan/SE_Group_Project/b78d95f823452e7fd1230ca6ad4d90882b2d7510/EnviroMonitorApp.Core/ViewModels/HistoricalDataViewModel.cs" line-rate="0.5832999999999999" branch-rate="0.24280000000000002" complexity="75">
          <methods>
            <method name="get_SensorTypes" signature="()" line-rate="1" branch-rate="1" complexity="1">
              <lines>
                <line number="57" hits="1" branch="False" />
              </lines>
            </method>
            <method name="get_ChartData" signature="()" line-rate="1" branch-rate="1" complexity="1">
              <lines>
                <line number="135" hits="16" branch="False" />
              </lines>
            </method>
            <method name="get_LoadDataCommand" signature="()" line-rate="1" branch-rate="1" complexity="1">
              <lines>
                <line number="140" hits="1" branch="False" />
              </lines>
            </method>
            <method name="get_Chart" signature="()" line-rate="0" branch-rate="0" complexity="2">
              <lines>
                <line number="146" hits="0" branch="True" condition-coverage="0% (0/2)">
                  <conditions>
                    <condition number="18" type="jump" coverage="0%" />
                  </conditions>
                </line>
                <line number="147" hits="0" branch="False" />
                <line number="148" hits="0" branch="False" />
                <line number="149" hits="0" branch="False" />
                <line number="150" hits="0" branch="False" />
                <line number="151" hits="0" branch="False" />
                <line number="152" hits="0" branch="False" />
                <line number="153" hits="0" branch="False" />
                <line number="154" hits="0" branch="False" />
                <line number="155" hits="0" branch="False" />
              </lines>
            </method>
            <method name="UpdateMetricTypes" signature="()" line-rate="0.7646999999999999" branch-rate="0.5" complexity="6">
              <lines>
                <line number="161" hits="3" branch="False" />
                <line number="162" hits="3" branch="True" condition-coverage="50% (3/6)">
                  <conditions>
                    <condition number="21" type="jump" coverage="100%" />
                    <condition number="34" type="jump" coverage="50%" />
                    <condition number="47" type="jump" coverage="0%" />
                  </conditions>
                </line>
                <line number="165" hits="2" branch="False" />
                <line number="166" hits="2" branch="False" />
                <line number="168" hits="1" branch="False" />
                <line number="169" hits="1" branch="False" />
                <line number="170" hits="1" branch="False" />
                <line number="171" hits="1" branch="False" />
                <line number="172" hits="1" branch="False" />
                <line number="173" hits="1" branch="False" />
                <line number="174" hits="1" branch="False" />
                <line number="176" hits="0" branch="False" />
                <line number="177" hits="0" branch="False" />
                <line number="179" hits="0" branch="False" />
                <line number="180" hits="0" branch="False" />
                <line number="182" hits="3" branch="False" />
                <line number="183" hits="3" branch="False" />
              </lines>
            </method>
            <method name="UpdateMaxDate" signature="()" line-rate="1" branch-rate="0.8332999999999999" complexity="6">
              <lines>
                <line number="189" hits="3" branch="False" />
                <line number="190" hits="3" branch="True" condition-coverage="100% (2/2)">
                  <conditions>
                    <condition number="18" type="jump" coverage="100%" />
                  </conditions>
                </line>
                <line number="191" hits="3" branch="False" />
                <line number="192" hits="3" branch="False" />
                <line number="194" hits="4" branch="True" condition-coverage="100% (2/2)">
                  <conditions>
                    <condition number="74" type="jump" coverage="100%" />
                  </conditions>
                </line>
                <line number="195" hits="3" branch="True" condition-coverage="50% (1/2)">
                  <conditions>
                    <condition number="108" type="jump" coverage="50%" />
                  </conditions>
                </line>
                <line number="196" hits="3" branch="False" />
              </lines>
            </method>
            <method name="&lt;.ctor&gt;b__2_0" signature="(System.Object,System.Collections.Specialized.NotifyCollectionChangedEventArgs)" line-rate="1" branch-rate="1" complexity="1">
              <lines>
                <line number="43" hits="15" branch="False" />
              </lines>
            </method>
            <method name="&lt;LoadDataAsync&gt;b__24_2" signature="(EnviroMonitorApp.Models.AirQualityRecord)" line-rate="0.5" branch-rate="0" complexity="6">
              <lines>
                <line number="216" hits="4" branch="False" />
                <line number="217" hits="4" branch="True" condition-coverage="0% (0/6)">
                  <conditions>
                    <condition number="29" type="jump" coverage="0%" />
                    <condition number="42" type="jump" coverage="0%" />
                    <condition number="55" type="jump" coverage="0%" />
                  </conditions>
                </line>
                <line number="218" hits="4" branch="False" />
                <line number="219" hits="0" branch="False" />
                <line number="220" hits="0" branch="False" />
                <line number="221" hits="0" branch="False" />
                <line number="222" hits="0" branch="False" />
                <line number="223" hits="4" branch="False" />
              </lines>
            </method>
            <method name="&lt;LoadDataAsync&gt;b__24_3" signature="(EnviroMonitorApp.Models.WeatherRecord)" line-rate="0.4285" branch-rate="0.21420000000000003" complexity="42">
              <lines>
                <line number="228" hits="10" branch="False" />
                <line number="229" hits="10" branch="True" condition-coverage="21.42% (9/42)">
                  <conditions>
                    <condition number="31" type="jump" coverage="100%" />
                    <condition number="39" type="jump" coverage="50%" />
                    <condition number="47" type="jump" coverage="50%" />
                    <condition number="76" type="jump" coverage="0%" />
                    <condition number="102" type="jump" coverage="50%" />
                    <condition number="110" type="jump" coverage="50%" />
                    <condition number="133" type="jump" coverage="0%" />
                    <condition number="146" type="jump" coverage="0%" />
                    <condition number="89" type="jump" coverage="0%" />
                    <condition number="120" type="jump" coverage="0%" />
                    <condition number="60" type="jump" coverage="50%" />
                    <condition number="156" type="jump" coverage="0%" />
                    <condition number="177" type="jump" coverage="50%" />
                    <condition number="198" type="jump" coverage="0%" />
                    <condition number="219" type="jump" coverage="0%" />
                    <condition number="240" type="jump" coverage="0%" />
                    <condition number="261" type="jump" coverage="50%" />
                    <condition number="282" type="jump" coverage="0%" />
                    <condition number="300" type="jump" coverage="0%" />
                    <condition number="318" type="jump" coverage="0%" />
                    <condition number="336" type="jump" coverage="0%" />
                  </conditions>
                </line>
                <line number="230" hits="10" branch="False" />
                <line number="231" hits="3" branch="False" />
                <line number="232" hits="0" branch="False" />
                <line number="233" hits="0" branch="False" />
                <line number="234" hits="0" branch="False" />
                <line number="235" hits="2" branch="False" />
                <line number="236" hits="0" branch="False" />
                <line number="237" hits="0" branch="False" />
                <line number="238" hits="0" branch="False" />
                <line number="239" hits="0" branch="False" />
                <line number="240" hits="0" branch="False" />
                <line number="241" hits="10" branch="False" />
              </lines>
            </method>
            <method name="&lt;LoadDataAsync&gt;b__24_4" signature="(EnviroMonitorApp.Models.WaterQualityRecord)" line-rate="0" branch-rate="0" complexity="8">
              <lines>
                <line number="246" hits="0" branch="False" />
                <line number="247" hits="0" branch="True" condition-coverage="0% (0/8)">
                  <conditions>
                    <condition number="29" type="jump" coverage="0%" />
                    <condition number="42" type="jump" coverage="0%" />
                    <condition number="55" type="jump" coverage="0%" />
                    <condition number="68" type="jump" coverage="0%" />
                  </conditions>
                </line>
                <line number="248" hits="0" branch="False" />
                <line number="249" hits="0" branch="False" />
                <line number="250" hits="0" branch="False" />
                <line number="251" hits="0" branch="False" />
                <line number="252" hits="0" branch="False" />
                <line number="253" hits="0" branch="False" />
                <line number="254" hits="0" branch="False" />
              </lines>
            </method>
            <method name=".ctor" signature="(EnviroMonitorApp.Services.IEnvironmentalDataService,EnviroMonitorApp.Services.ChartTransformers.IChartTransformer)" line-rate="1" branch-rate="1" complexity="1">
              <lines>
                <line number="34" hits="1" branch="False" />
                <line number="35" hits="1" branch="False" />
                <line number="36" hits="1" branch="False" />
                <line number="37" hits="1" branch="False" />
                <line number="38" hits="1" branch="False" />
                <line number="39" hits="1" branch="False" />
                <line number="40" hits="1" branch="False" />
                <line number="42" hits="1" branch="False" />
                <line number="45" hits="1" branch="False" />
                <line number="46" hits="1" branch="False" />
                <line number="47" hits="1" branch="False" />
                <line number="49" hits="1" branch="False" />
                <line number="50" hits="1" branch="False" />
                <line number="51" hits="1" branch="False" />
                <line number="52" hits="1" branch="False" />
              </lines>
            </method>
          </methods>
          <lines>
            <line number="57" hits="1" branch="False" />
            <line number="135" hits="16" branch="False" />
            <line number="140" hits="1" branch="False" />
            <line number="146" hits="0" branch="True" condition-coverage="0% (0/2)">
              <conditions>
                <condition number="18" type="jump" coverage="0%" />
              </conditions>
            </line>
            <line number="147" hits="0" branch="False" />
            <line number="148" hits="0" branch="False" />
            <line number="149" hits="0" branch="False" />
            <line number="150" hits="0" branch="False" />
            <line number="151" hits="0" branch="False" />
            <line number="152" hits="0" branch="False" />
            <line number="153" hits="0" branch="False" />
            <line number="154" hits="0" branch="False" />
            <line number="155" hits="0" branch="False" />
            <line number="161" hits="3" branch="False" />
            <line number="162" hits="3" branch="True" condition-coverage="50% (3/6)">
              <conditions>
                <condition number="21" type="jump" coverage="100%" />
                <condition number="34" type="jump" coverage="50%" />
                <condition number="47" type="jump" coverage="0%" />
              </conditions>
            </line>
            <line number="165" hits="2" branch="False" />
            <line number="166" hits="2" branch="False" />
            <line number="168" hits="1" branch="False" />
            <line number="169" hits="1" branch="False" />
            <line number="170" hits="1" branch="False" />
            <line number="171" hits="1" branch="False" />
            <line number="172" hits="1" branch="False" />
            <line number="173" hits="1" branch="False" />
            <line number="174" hits="1" branch="False" />
            <line number="176" hits="0" branch="False" />
            <line number="177" hits="0" branch="False" />
            <line number="179" hits="0" branch="False" />
            <line number="180" hits="0" branch="False" />
            <line number="182" hits="3" branch="False" />
            <line number="183" hits="3" branch="False" />
            <line number="189" hits="3" branch="False" />
            <line number="190" hits="3" branch="True" condition-coverage="100% (2/2)">
              <conditions>
                <condition number="18" type="jump" coverage="100%" />
              </conditions>
            </line>
            <line number="191" hits="3" branch="False" />
            <line number="192" hits="3" branch="False" />
            <line number="194" hits="4" branch="True" condition-coverage="100% (2/2)">
              <conditions>
                <condition number="74" type="jump" coverage="100%" />
              </conditions>
            </line>
            <line number="195" hits="3" branch="True" condition-coverage="50% (1/2)">
              <conditions>
                <condition number="108" type="jump" coverage="50%" />
              </conditions>
            </line>
            <line number="196" hits="3" branch="False" />
            <line number="43" hits="15" branch="False" />
            <line number="216" hits="4" branch="False" />
            <line number="217" hits="4" branch="True" condition-coverage="0% (0/6)">
              <conditions>
                <condition number="29" type="jump" coverage="0%" />
                <condition number="42" type="jump" coverage="0%" />
                <condition number="55" type="jump" coverage="0%" />
              </conditions>
            </line>
            <line number="218" hits="4" branch="False" />
            <line number="219" hits="0" branch="False" />
            <line number="220" hits="0" branch="False" />
            <line number="221" hits="0" branch="False" />
            <line number="222" hits="0" branch="False" />
            <line number="223" hits="4" branch="False" />
            <line number="228" hits="10" branch="False" />
            <line number="229" hits="10" branch="True" condition-coverage="21.42% (9/42)">
              <conditions>
                <condition number="31" type="jump" coverage="100%" />
                <condition number="39" type="jump" coverage="50%" />
                <condition number="47" type="jump" coverage="50%" />
                <condition number="76" type="jump" coverage="0%" />
                <condition number="102" type="jump" coverage="50%" />
                <condition number="110" type="jump" coverage="50%" />
                <condition number="133" type="jump" coverage="0%" />
                <condition number="146" type="jump" coverage="0%" />
                <condition number="89" type="jump" coverage="0%" />
                <condition number="120" type="jump" coverage="0%" />
                <condition number="60" type="jump" coverage="50%" />
                <condition number="156" type="jump" coverage="0%" />
                <condition number="177" type="jump" coverage="50%" />
                <condition number="198" type="jump" coverage="0%" />
                <condition number="219" type="jump" coverage="0%" />
                <condition number="240" type="jump" coverage="0%" />
                <condition number="261" type="jump" coverage="50%" />
                <condition number="282" type="jump" coverage="0%" />
                <condition number="300" type="jump" coverage="0%" />
                <condition number="318" type="jump" coverage="0%" />
                <condition number="336" type="jump" coverage="0%" />
              </conditions>
            </line>
            <line number="230" hits="10" branch="False" />
            <line number="231" hits="3" branch="False" />
            <line number="232" hits="0" branch="False" />
            <line number="233" hits="0" branch="False" />
            <line number="234" hits="0" branch="False" />
            <line number="235" hits="2" branch="False" />
            <line number="236" hits="0" branch="False" />
            <line number="237" hits="0" branch="False" />
            <line number="238" hits="0" branch="False" />
            <line number="239" hits="0" branch="False" />
            <line number="240" hits="0" branch="False" />
            <line number="241" hits="10" branch="False" />
            <line number="246" hits="0" branch="False" />
            <line number="247" hits="0" branch="True" condition-coverage="0% (0/8)">
              <conditions>
                <condition number="29" type="jump" coverage="0%" />
                <condition number="42" type="jump" coverage="0%" />
                <condition number="55" type="jump" coverage="0%" />
                <condition number="68" type="jump" coverage="0%" />
              </conditions>
            </line>
            <line number="248" hits="0" branch="False" />
            <line number="249" hits="0" branch="False" />
            <line number="250" hits="0" branch="False" />
            <line number="251" hits="0" branch="False" />
            <line number="252" hits="0" branch="False" />
            <line number="253" hits="0" branch="False" />
            <line number="254" hits="0" branch="False" />
            <line number="34" hits="1" branch="False" />
            <line number="35" hits="1" branch="False" />
            <line number="36" hits="1" branch="False" />
            <line number="37" hits="1" branch="False" />
            <line number="38" hits="1" branch="False" />
            <line number="39" hits="1" branch="False" />
            <line number="40" hits="1" branch="False" />
            <line number="42" hits="1" branch="False" />
            <line number="45" hits="1" branch="False" />
            <line number="46" hits="1" branch="False" />
            <line number="47" hits="1" branch="False" />
            <line number="49" hits="1" branch="False" />
            <line number="50" hits="1" branch="False" />
            <line number="51" hits="1" branch="False" />
            <line number="52" hits="1" branch="False" />
          </lines>
        </class>
        <class name="EnviroMonitorApp.ViewModels.HistoricalDataViewModel/&lt;&gt;c" filename="https://raw.githubusercontent.com/cooperkeenan/SE_Group_Project/b78d95f823452e7fd1230ca6ad4d90882b2d7510/EnviroMonitorApp.Core/ViewModels/HistoricalDataViewModel.cs" line-rate="1" branch-rate="1" complexity="1">
          <methods>
            <method name="&lt;LoadDataAsync&gt;b__24_0" signature="(System.ValueTuple`2&lt;System.DateTime,System.Nullable`1&lt;System.Double&gt;&gt;)" line-rate="1" branch-rate="1" complexity="1">
              <lines>
                <line number="258" hits="19" branch="False" />
              </lines>
            </method>
          </methods>
          <lines>
            <line number="258" hits="19" branch="False" />
          </lines>
        </class>
        <class name="EnviroMonitorApp.ViewModels.HistoricalDataViewModel/&lt;LoadDataAsync&gt;d__24" filename="https://raw.githubusercontent.com/cooperkeenan/SE_Group_Project/b78d95f823452e7fd1230ca6ad4d90882b2d7510/EnviroMonitorApp.Core/ViewModels/HistoricalDataViewModel.cs" line-rate="0.8887999999999999" branch-rate="0.8" complexity="10">
          <methods>
            <method name="MoveNext" signature="()" line-rate="0.8887999999999999" branch-rate="0.8" complexity="10">
              <lines>
                <line number="202" hits="9" branch="False" />
                <line number="203" hits="9" branch="True" condition-coverage="50% (1/2)">
                  <conditions>
                    <condition number="56" type="jump" coverage="50%" />
                  </conditions>
                </line>
                <line number="204" hits="18" branch="False" />
                <line number="205" hits="9" branch="False" />
                <line number="207" hits="9" branch="False" />
                <line number="211" hits="9" branch="False" />
                <line number="213" hits="9" branch="True" condition-coverage="100% (2/2)">
                  <conditions>
                    <condition number="300" type="jump" coverage="100%" />
                  </conditions>
                </line>
                <line number="214" hits="4" branch="False" />
                <line number="215" hits="4" branch="False" />
                <line number="224" hits="4" branch="False" />
                <line number="225" hits="5" branch="True" condition-coverage="50% (1/2)">
                  <conditions>
                    <condition number="540" type="jump" coverage="50%" />
                  </conditions>
                </line>
                <line number="226" hits="5" branch="False" />
                <line number="227" hits="5" branch="False" />
                <line number="242" hits="5" branch="False" />
                <line number="244" hits="0" branch="False" />
                <line number="245" hits="0" branch="False" />
                <line number="255" hits="0" branch="False" />
                <line number="259" hits="9" branch="False" />
                <line number="261" hits="9" branch="True" condition-coverage="100% (2/2)">
                  <conditions>
                    <condition number="1112" type="jump" coverage="100%" />
                  </conditions>
                </line>
                <line number="262" hits="4" branch="False" />
                <line number="263" hits="4" branch="False" />
                <line number="264" hits="4" branch="False" />
                <line number="266" hits="5" branch="False" />
                <line number="267" hits="30" branch="True" condition-coverage="100% (2/2)">
                  <conditions>
                    <condition number="1210" type="jump" coverage="100%" />
                  </conditions>
                </line>
                <line number="268" hits="5" branch="False" />
                <line number="270" hits="9" branch="False" />
                <line number="271" hits="9" branch="False" />
              </lines>
            </method>
          </methods>
          <lines>
            <line number="202" hits="9" branch="False" />
            <line number="203" hits="9" branch="True" condition-coverage="50% (1/2)">
              <conditions>
                <condition number="56" type="jump" coverage="50%" />
              </conditions>
            </line>
            <line number="204" hits="18" branch="False" />
            <line number="205" hits="9" branch="False" />
            <line number="207" hits="9" branch="False" />
            <line number="211" hits="9" branch="False" />
            <line number="213" hits="9" branch="True" condition-coverage="100% (2/2)">
              <conditions>
                <condition number="300" type="jump" coverage="100%" />
              </conditions>
            </line>
            <line number="214" hits="4" branch="False" />
            <line number="215" hits="4" branch="False" />
            <line number="224" hits="4" branch="False" />
            <line number="225" hits="5" branch="True" condition-coverage="50% (1/2)">
              <conditions>
                <condition number="540" type="jump" coverage="50%" />
              </conditions>
            </line>
            <line number="226" hits="5" branch="False" />
            <line number="227" hits="5" branch="False" />
            <line number="242" hits="5" branch="False" />
            <line number="244" hits="0" branch="False" />
            <line number="245" hits="0" branch="False" />
            <line number="255" hits="0" branch="False" />
            <line number="259" hits="9" branch="False" />
            <line number="261" hits="9" branch="True" condition-coverage="100% (2/2)">
              <conditions>
                <condition number="1112" type="jump" coverage="100%" />
              </conditions>
            </line>
            <line number="262" hits="4" branch="False" />
            <line number="263" hits="4" branch="False" />
            <line number="264" hits="4" branch="False" />
            <line number="266" hits="5" branch="False" />
            <line number="267" hits="30" branch="True" condition-coverage="100% (2/2)">
              <conditions>
                <condition number="1210" type="jump" coverage="100%" />
              </conditions>
            </line>
            <line number="268" hits="5" branch="False" />
            <line number="270" hits="9" branch="False" />
            <line number="271" hits="9" branch="False" />
          </lines>
        </class>
        <class name="EnviroMonitorApp.Converters.InverseBoolConverter" filename="https://raw.githubusercontent.com/cooperkeenan/SE_Group_Project/b78d95f823452e7fd1230ca6ad4d90882b2d7510/EnviroMonitorApp.Core/Converters/InverseBoolConverter.cs" line-rate="1" branch-rate="1" complexity="4">
          <methods>
            <method name="Convert" signature="(System.Object,System.Type,System.Object,System.Globalization.CultureInfo)" line-rate="1" branch-rate="1" complexity="2">
              <lines>
                <line number="23" hits="3" branch="True" condition-coverage="100% (2/2)">
                  <conditions>
                    <condition number="6" type="jump" coverage="100%" />
                  </conditions>
                </line>
              </lines>
            </method>
            <method name="ConvertBack" signature="(System.Object,System.Type,System.Object,System.Globalization.CultureInfo)" line-rate="1" branch-rate="1" complexity="2">
              <lines>
                <line number="34" hits="3" branch="True" condition-coverage="100% (2/2)">
                  <conditions>
                    <condition number="6" type="jump" coverage="100%" />
                  </conditions>
                </line>
              </lines>
            </method>
          </methods>
          <lines>
            <line number="23" hits="3" branch="True" condition-coverage="100% (2/2)">
              <conditions>
                <condition number="6" type="jump" coverage="100%" />
              </conditions>
            </line>
            <line number="34" hits="3" branch="True" condition-coverage="100% (2/2)">
              <conditions>
                <condition number="6" type="jump" coverage="100%" />
              </conditions>
            </line>
          </lines>
        </class>
        <class name="EnviroMonitorApp.Services.ApiKeyProvider" filename="https://raw.githubusercontent.com/cooperkeenan/SE_Group_Project/b78d95f823452e7fd1230ca6ad4d90882b2d7510/EnviroMonitorApp.Core/Services/ApiKeyProvider.cs" line-rate="1" branch-rate="1" complexity="6">
          <methods>
            <method name="get_OpenAqKey" signature="()" line-rate="1" branch-rate="1" complexity="1">
              <lines>
                <line number="30" hits="8" branch="False" />
              </lines>
            </method>
            <method name="get_OpenWeatherMap" signature="()" line-rate="1" branch-rate="1" complexity="1">
              <lines>
                <line number="35" hits="9" branch="False" />
              </lines>
            </method>
            <method name=".ctor" signature="(System.String,System.String)" line-rate="1" branch-rate="1" complexity="4">
              <lines>
                <line number="10" hits="13" branch="False" />
                <line number="11" hits="13" branch="False" />
                <line number="18" hits="13" branch="False" />
                <line number="19" hits="13" branch="False" />
                <line number="20" hits="13" branch="True" condition-coverage="100% (2/2)">
                  <conditions>
                    <condition number="41" type="jump" coverage="100%" />
                  </conditions>
                </line>
                <line number="21" hits="8" branch="False" />
                <line number="23" hits="13" branch="True" condition-coverage="100% (2/2)">
                  <conditions>
                    <condition number="61" type="jump" coverage="100%" />
                  </conditions>
                </line>
                <line number="24" hits="8" branch="False" />
                <line number="25" hits="13" branch="False" />
              </lines>
            </method>
          </methods>
          <lines>
            <line number="30" hits="8" branch="False" />
            <line number="35" hits="9" branch="False" />
            <line number="10" hits="13" branch="False" />
            <line number="11" hits="13" branch="False" />
            <line number="18" hits="13" branch="False" />
            <line number="19" hits="13" branch="False" />
            <line number="20" hits="13" branch="True" condition-coverage="100% (2/2)">
              <conditions>
                <condition number="41" type="jump" coverage="100%" />
              </conditions>
            </line>
            <line number="21" hits="8" branch="False" />
            <line number="23" hits="13" branch="True" condition-coverage="100% (2/2)">
              <conditions>
                <condition number="61" type="jump" coverage="100%" />
              </conditions>
            </line>
            <line number="24" hits="8" branch="False" />
            <line number="25" hits="13" branch="False" />
          </lines>
        </class>
        <class name="EnviroMonitorApp.Services.EnvironmentalDataApiService" filename="https://raw.githubusercontent.com/cooperkeenan/SE_Group_Project/b78d95f823452e7fd1230ca6ad4d90882b2d7510/EnviroMonitorApp.Core/Services/EnvironmentalDataApiService.cs" line-rate="1" branch-rate="1" complexity="3">
          <methods>
            <method name="GetHistoricalWaterQualityAsync" signature="(System.DateTime,System.DateTime,System.String)" line-rate="1" branch-rate="1" complexity="1">
              <lines>
                <line number="283" hits="1" branch="False" />
                <line number="284" hits="1" branch="False" />
                <line number="285" hits="1" branch="False" />
                <line number="286" hits="1" branch="False" />
              </lines>
            </method>
            <method name=".ctor" signature="(EnviroMonitorApp.Services.Apis.IAirQualityApi,EnviroMonitorApp.Services.Apis.IWeatherApi,EnviroMonitorApp.Services.Apis.IWaterQualityApi,EnviroMonitorApp.Services.ApiKeyProvider)" line-rate="1" branch-rate="1" complexity="1">
              <lines>
                <line number="37" hits="5" branch="False" />
                <line number="38" hits="5" branch="False" />
                <line number="39" hits="5" branch="False" />
                <line number="40" hits="5" branch="False" />
                <line number="41" hits="5" branch="False" />
                <line number="42" hits="5" branch="False" />
                <line number="43" hits="5" branch="False" />
                <line number="44" hits="5" branch="False" />
                <line number="45" hits="5" branch="False" />
                <line number="46" hits="5" branch="False" />
                <line number="47" hits="5" branch="False" />
              </lines>
            </method>
            <method name=".cctor" signature="()" line-rate="1" branch-rate="1" complexity="1">
              <lines>
                <line number="25" hits="1" branch="False" />
                <line number="27" hits="1" branch="False" />
                <line number="199" hits="1" branch="False" />
                <line number="200" hits="1" branch="False" />
                <line number="201" hits="1" branch="False" />
                <line number="202" hits="1" branch="False" />
                <line number="203" hits="1" branch="False" />
                <line number="204" hits="1" branch="False" />
                <line number="205" hits="1" branch="False" />
              </lines>
            </method>
          </methods>
          <lines>
            <line number="283" hits="1" branch="False" />
            <line number="284" hits="1" branch="False" />
            <line number="285" hits="1" branch="False" />
            <line number="286" hits="1" branch="False" />
            <line number="37" hits="5" branch="False" />
            <line number="38" hits="5" branch="False" />
            <line number="39" hits="5" branch="False" />
            <line number="40" hits="5" branch="False" />
            <line number="41" hits="5" branch="False" />
            <line number="42" hits="5" branch="False" />
            <line number="43" hits="5" branch="False" />
            <line number="44" hits="5" branch="False" />
            <line number="45" hits="5" branch="False" />
            <line number="46" hits="5" branch="False" />
            <line number="47" hits="5" branch="False" />
            <line number="25" hits="1" branch="False" />
            <line number="27" hits="1" branch="False" />
            <line number="199" hits="1" branch="False" />
            <line number="200" hits="1" branch="False" />
            <line number="201" hits="1" branch="False" />
            <line number="202" hits="1" branch="False" />
            <line number="203" hits="1" branch="False" />
            <line number="204" hits="1" branch="False" />
            <line number="205" hits="1" branch="False" />
          </lines>
        </class>
        <class name="EnviroMonitorApp.Services.EnvironmentalDataApiService/&lt;&gt;c" filename="https://raw.githubusercontent.com/cooperkeenan/SE_Group_Project/b78d95f823452e7fd1230ca6ad4d90882b2d7510/EnviroMonitorApp.Core/Services/EnvironmentalDataApiService.cs" line-rate="0.9301999999999999" branch-rate="0.44439999999999996" complexity="24">
          <methods>
            <method name="&lt;GetAirQualityAsync&gt;b__9_1" signature="(EnviroMonitorApp.Services.Apis.Measurement)" line-rate="1" branch-rate="0.5" complexity="4">
              <lines>
                <line number="110" hits="1" branch="True" condition-coverage="50% (2/4)">
                  <conditions>
                    <condition number="7" type="jump" coverage="50%" />
                    <condition number="19" type="jump" coverage="50%" />
                  </conditions>
                </line>
              </lines>
            </method>
            <method name="&lt;GetAirQualityAsync&gt;b__9_2" signature="(EnviroMonitorApp.Services.Apis.Measurement)" line-rate="1" branch-rate="1" complexity="1">
              <lines>
                <line number="112" hits="1" branch="False" />
                <line number="113" hits="1" branch="False" />
                <line number="114" hits="1" branch="False" />
                <line number="115" hits="1" branch="False" />
                <line number="116" hits="1" branch="False" />
              </lines>
            </method>
            <method name="&lt;GetAirQualityAsync&gt;b__9_3" signature="(System.Linq.IGrouping`2&lt;System.DateTime,EnviroMonitorApp.Services.Apis.Measurement&gt;)" line-rate="0.75" branch-rate="0.4285" complexity="14">
              <lines>
                <line number="119" hits="1" branch="False" />
                <line number="120" hits="1" branch="False" />
                <line number="121" hits="5" branch="True" condition-coverage="100% (2/2)">
                  <conditions>
                    <condition number="217" type="jump" coverage="100%" />
                  </conditions>
                </line>
                <line number="122" hits="1" branch="False" />
                <line number="123" hits="1" branch="True" condition-coverage="33.33% (4/12)">
                  <conditions>
                    <condition number="48" type="jump" coverage="50%" />
                    <condition number="60" type="jump" coverage="50%" />
                    <condition number="87" type="jump" coverage="50%" />
                    <condition number="100" type="jump" coverage="0%" />
                    <condition number="113" type="jump" coverage="0%" />
                    <condition number="126" type="jump" coverage="50%" />
                  </conditions>
                </line>
                <line number="125" hits="2" branch="False" />
                <line number="126" hits="0" branch="False" />
                <line number="127" hits="0" branch="False" />
                <line number="128" hits="0" branch="False" />
                <line number="130" hits="1" branch="False" />
                <line number="131" hits="1" branch="False" />
                <line number="132" hits="1" branch="False" />
              </lines>
            </method>
            <method name="&lt;GetAirQualityAsync&gt;b__9_4" signature="(EnviroMonitorApp.Models.AirQualityRecord)" line-rate="1" branch-rate="1" complexity="1">
              <lines>
                <line number="133" hits="1" branch="False" />
              </lines>
            </method>
            <method name="&lt;GetWeatherAsync&gt;b__10_1" signature="(EnviroMonitorApp.Models.OpenWeatherForecastResponse/ListItem)" line-rate="1" branch-rate="1" complexity="1">
              <lines>
                <line number="167" hits="1" branch="False" />
              </lines>
            </method>
            <method name="&lt;GetWeatherAsync&gt;b__10_2" signature="(EnviroMonitorApp.Models.OpenWeatherForecastResponse/ListItem)" line-rate="1" branch-rate="1" complexity="1">
              <lines>
                <line number="168" hits="1" branch="False" />
                <line number="169" hits="1" branch="False" />
                <line number="170" hits="1" branch="False" />
                <line number="171" hits="1" branch="False" />
                <line number="172" hits="1" branch="False" />
                <line number="173" hits="1" branch="False" />
                <line number="174" hits="1" branch="False" />
                <line number="175" hits="1" branch="False" />
                <line number="176" hits="1" branch="False" />
                <line number="177" hits="1" branch="False" />
                <line number="178" hits="1" branch="False" />
                <line number="179" hits="1" branch="False" />
                <line number="180" hits="1" branch="False" />
                <line number="181" hits="1" branch="False" />
                <line number="182" hits="1" branch="False" />
                <line number="183" hits="1" branch="False" />
                <line number="184" hits="1" branch="False" />
                <line number="185" hits="1" branch="False" />
                <line number="186" hits="1" branch="False" />
                <line number="187" hits="1" branch="False" />
                <line number="188" hits="1" branch="False" />
              </lines>
            </method>
            <method name="&lt;GetWaterQualityAsync&gt;b__13_3" signature="(System.Threading.Tasks.Task`1&lt;System.ValueTuple`2&lt;System.String,EnviroMonitorApp.Services.Apis.WaterQualityResponse&gt;&gt;)" line-rate="1" branch-rate="1" complexity="1">
              <lines>
                <line number="246" hits="45" branch="False" />
              </lines>
            </method>
            <method name="&lt;GetWaterQualityAsync&gt;b__13_1" signature="(EnviroMonitorApp.Models.WaterQualityRecord)" line-rate="1" branch-rate="1" complexity="1">
              <lines>
                <line number="269" hits="3" branch="False" />
              </lines>
            </method>
          </methods>
          <lines>
            <line number="110" hits="1" branch="True" condition-coverage="50% (2/4)">
              <conditions>
                <condition number="7" type="jump" coverage="50%" />
                <condition number="19" type="jump" coverage="50%" />
              </conditions>
            </line>
            <line number="112" hits="1" branch="False" />
            <line number="113" hits="1" branch="False" />
            <line number="114" hits="1" branch="False" />
            <line number="115" hits="1" branch="False" />
            <line number="116" hits="1" branch="False" />
            <line number="119" hits="1" branch="False" />
            <line number="120" hits="1" branch="False" />
            <line number="121" hits="5" branch="True" condition-coverage="100% (2/2)">
              <conditions>
                <condition number="217" type="jump" coverage="100%" />
              </conditions>
            </line>
            <line number="122" hits="1" branch="False" />
            <line number="123" hits="1" branch="True" condition-coverage="33.33% (4/12)">
              <conditions>
                <condition number="48" type="jump" coverage="50%" />
                <condition number="60" type="jump" coverage="50%" />
                <condition number="87" type="jump" coverage="50%" />
                <condition number="100" type="jump" coverage="0%" />
                <condition number="113" type="jump" coverage="0%" />
                <condition number="126" type="jump" coverage="50%" />
              </conditions>
            </line>
            <line number="125" hits="2" branch="False" />
            <line number="126" hits="0" branch="False" />
            <line number="127" hits="0" branch="False" />
            <line number="128" hits="0" branch="False" />
            <line number="130" hits="1" branch="False" />
            <line number="131" hits="1" branch="False" />
            <line number="132" hits="1" branch="False" />
            <line number="133" hits="1" branch="False" />
            <line number="167" hits="1" branch="False" />
            <line number="168" hits="1" branch="False" />
            <line number="169" hits="1" branch="False" />
            <line number="170" hits="1" branch="False" />
            <line number="171" hits="1" branch="False" />
            <line number="172" hits="1" branch="False" />
            <line number="173" hits="1" branch="False" />
            <line number="174" hits="1" branch="False" />
            <line number="175" hits="1" branch="False" />
            <line number="176" hits="1" branch="False" />
            <line number="177" hits="1" branch="False" />
            <line number="178" hits="1" branch="False" />
            <line number="179" hits="1" branch="False" />
            <line number="180" hits="1" branch="False" />
            <line number="181" hits="1" branch="False" />
            <line number="182" hits="1" branch="False" />
            <line number="183" hits="1" branch="False" />
            <line number="184" hits="1" branch="False" />
            <line number="185" hits="1" branch="False" />
            <line number="186" hits="1" branch="False" />
            <line number="187" hits="1" branch="False" />
            <line number="188" hits="1" branch="False" />
            <line number="246" hits="45" branch="False" />
            <line number="269" hits="3" branch="False" />
          </lines>
        </class>
        <class name="EnviroMonitorApp.Services.EnvironmentalDataApiService/&lt;&gt;c__DisplayClass10_0" filename="https://raw.githubusercontent.com/cooperkeenan/SE_Group_Project/b78d95f823452e7fd1230ca6ad4d90882b2d7510/EnviroMonitorApp.Core/Services/EnvironmentalDataApiService.cs" line-rate="1" branch-rate="0.5" complexity="4">
          <methods>
            <method name="&lt;GetWeatherAsync&gt;b__0" signature="(EnviroMonitorApp.Models.WeatherRecord)" line-rate="1" branch-rate="0.5" complexity="2">
              <lines>
                <line number="155" hits="2" branch="True" condition-coverage="50% (1/2)">
                  <conditions>
                    <condition number="17" type="jump" coverage="50%" />
                  </conditions>
                </line>
              </lines>
            </method>
            <method name="&lt;GetWeatherAsync&gt;b__3" signature="(EnviroMonitorApp.Models.WeatherRecord)" line-rate="1" branch-rate="0.5" complexity="2">
              <lines>
                <line number="194" hits="1" branch="True" condition-coverage="50% (1/2)">
                  <conditions>
                    <condition number="17" type="jump" coverage="50%" />
                  </conditions>
                </line>
              </lines>
            </method>
          </methods>
          <lines>
            <line number="155" hits="2" branch="True" condition-coverage="50% (1/2)">
              <conditions>
                <condition number="17" type="jump" coverage="50%" />
              </conditions>
            </line>
            <line number="194" hits="1" branch="True" condition-coverage="50% (1/2)">
              <conditions>
                <condition number="17" type="jump" coverage="50%" />
              </conditions>
            </line>
          </lines>
        </class>
        <class name="EnviroMonitorApp.Services.EnvironmentalDataApiService/&lt;&gt;c__DisplayClass12_0" filename="https://raw.githubusercontent.com/cooperkeenan/SE_Group_Project/b78d95f823452e7fd1230ca6ad4d90882b2d7510/EnviroMonitorApp.Core/Services/EnvironmentalDataApiService.cs" line-rate="1" branch-rate="0.5" complexity="2">
          <methods>
            <method name="&lt;GetWaterQualityAsync&gt;b__0" signature="(EnviroMonitorApp.Models.WaterQualityRecord)" line-rate="1" branch-rate="0.5" complexity="2">
              <lines>
                <line number="220" hits="1" branch="True" condition-coverage="50% (1/2)">
                  <conditions>
                    <condition number="17" type="jump" coverage="50%" />
                  </conditions>
                </line>
              </lines>
            </method>
          </methods>
          <lines>
            <line number="220" hits="1" branch="True" condition-coverage="50% (1/2)">
              <conditions>
                <condition number="17" type="jump" coverage="50%" />
              </conditions>
            </line>
          </lines>
        </class>
        <class name="EnviroMonitorApp.Services.EnvironmentalDataApiService/&lt;&gt;c__DisplayClass13_0" filename="https://raw.githubusercontent.com/cooperkeenan/SE_Group_Project/b78d95f823452e7fd1230ca6ad4d90882b2d7510/EnviroMonitorApp.Core/Services/EnvironmentalDataApiService.cs" line-rate="1" branch-rate="1" complexity="1">
          <methods>
            <method name="&lt;GetWaterQualityAsync&gt;b__0" signature="(System.Collections.Generic.KeyValuePair`2&lt;System.String,System.String&gt;)" line-rate="1" branch-rate="1" complexity="1">
              <lines>
                <line number="239" hits="12" branch="False" />
                <line number="240" hits="24" branch="False" />
              </lines>
            </method>
          </methods>
          <lines>
            <line number="239" hits="12" branch="False" />
            <line number="240" hits="24" branch="False" />
          </lines>
        </class>
        <class name="EnviroMonitorApp.Services.EnvironmentalDataApiService/&lt;&gt;c__DisplayClass9_0" filename="https://raw.githubusercontent.com/cooperkeenan/SE_Group_Project/b78d95f823452e7fd1230ca6ad4d90882b2d7510/EnviroMonitorApp.Core/Services/EnvironmentalDataApiService.cs" line-rate="0" branch-rate="0" complexity="2">
          <methods>
            <method name="&lt;GetAirQualityAsync&gt;b__0" signature="(EnviroMonitorApp.Models.AirQualityRecord)" line-rate="0" branch-rate="0" complexity="2">
              <lines>
                <line number="62" hits="0" branch="True" condition-coverage="0% (0/2)">
                  <conditions>
                    <condition number="17" type="jump" coverage="0%" />
                  </conditions>
                </line>
              </lines>
            </method>
          </methods>
          <lines>
            <line number="62" hits="0" branch="True" condition-coverage="0% (0/2)">
              <conditions>
                <condition number="17" type="jump" coverage="0%" />
              </conditions>
            </line>
          </lines>
        </class>
        <class name="EnviroMonitorApp.Services.EnvironmentalDataApiService/&lt;GetAirQualityAsync&gt;d__9" filename="https://raw.githubusercontent.com/cooperkeenan/SE_Group_Project/b78d95f823452e7fd1230ca6ad4d90882b2d7510/EnviroMonitorApp.Core/Services/EnvironmentalDataApiService.cs" line-rate="0.92" branch-rate="0.6875" complexity="16">
          <methods>
            <method name="MoveNext" signature="()" line-rate="0.92" branch-rate="0.6875" complexity="16">
              <lines>
                <line number="58" hits="1" branch="False" />
                <line number="59" hits="1" branch="True" condition-coverage="50% (2/4)">
                  <conditions>
                    <condition number="79" type="jump" coverage="50%" />
                    <condition number="120" type="jump" coverage="50%" />
                  </conditions>
                </line>
                <line number="60" hits="0" branch="False" />
                <line number="61" hits="0" branch="False" />
                <line number="63" hits="0" branch="False" />
                <line number="67" hits="1" branch="True" condition-coverage="50% (1/2)">
                  <conditions>
                    <condition number="181" type="jump" coverage="50%" />
                  </conditions>
                </line>
                <line number="68" hits="1" branch="False" />
                <line number="69" hits="1" branch="False" />
                <line number="70" hits="0" branch="False" />
                <line number="71" hits="1" branch="False" />
                <line number="74" hits="1" branch="False" />
                <line number="75" hits="1" branch="False" />
                <line number="76" hits="1" branch="False" />
                <line number="77" hits="1" branch="False" />
                <line number="78" hits="1" branch="False" />
                <line number="79" hits="1" branch="False" />
                <line number="80" hits="1" branch="False" />
                <line number="82" hits="1" branch="False" />
                <line number="85" hits="5" branch="True" condition-coverage="100% (2/2)">
                  <conditions>
                    <condition number="970" type="jump" coverage="100%" />
                  </conditions>
                </line>
                <line number="86" hits="1" branch="False" />
                <line number="87" hits="5" branch="True" condition-coverage="100% (2/2)">
                  <conditions>
                    <condition number="922" type="jump" coverage="100%" />
                  </conditions>
                </line>
                <line number="88" hits="1" branch="False" />
                <line number="89" hits="1" branch="False" />
                <line number="91" hits="1" branch="False" />
                <line number="92" hits="1" branch="False" />
                <line number="93" hits="1" branch="False" />
                <line number="94" hits="1" branch="False" />
                <line number="95" hits="1" branch="False" />
                <line number="96" hits="1" branch="False" />
                <line number="97" hits="1" branch="False" />
                <line number="98" hits="1" branch="False" />
                <line number="99" hits="1" branch="True" condition-coverage="50% (2/4)">
                  <conditions>
                    <condition number="777" type="jump" coverage="50%" />
                    <condition number="789" type="jump" coverage="50%" />
                  </conditions>
                </line>
                <line number="100" hits="1" branch="False" />
                <line number="101" hits="1" branch="False" />
                <line number="102" hits="1" branch="False" />
                <line number="103" hits="1" branch="False" />
                <line number="104" hits="1" branch="True" condition-coverage="100% (2/2)">
                  <conditions>
                    <condition number="881" type="jump" coverage="100%" />
                  </conditions>
                </line>
                <line number="105" hits="1" branch="False" />
                <line number="106" hits="1" branch="False" />
                <line number="109" hits="1" branch="False" />
                <line number="111" hits="1" branch="False" />
                <line number="117" hits="1" branch="False" />
                <line number="118" hits="1" branch="False" />
                <line number="124" hits="1" branch="False" />
                <line number="129" hits="1" branch="False" />
                <line number="134" hits="1" branch="False" />
                <line number="136" hits="1" branch="False" />
                <line number="137" hits="1" branch="False" />
                <line number="138" hits="1" branch="False" />
                <line number="139" hits="1" branch="False" />
              </lines>
            </method>
          </methods>
          <lines>
            <line number="58" hits="1" branch="False" />
            <line number="59" hits="1" branch="True" condition-coverage="50% (2/4)">
              <conditions>
                <condition number="79" type="jump" coverage="50%" />
                <condition number="120" type="jump" coverage="50%" />
              </conditions>
            </line>
            <line number="60" hits="0" branch="False" />
            <line number="61" hits="0" branch="False" />
            <line number="63" hits="0" branch="False" />
            <line number="67" hits="1" branch="True" condition-coverage="50% (1/2)">
              <conditions>
                <condition number="181" type="jump" coverage="50%" />
              </conditions>
            </line>
            <line number="68" hits="1" branch="False" />
            <line number="69" hits="1" branch="False" />
            <line number="70" hits="0" branch="False" />
            <line number="71" hits="1" branch="False" />
            <line number="74" hits="1" branch="False" />
            <line number="75" hits="1" branch="False" />
            <line number="76" hits="1" branch="False" />
            <line number="77" hits="1" branch="False" />
            <line number="78" hits="1" branch="False" />
            <line number="79" hits="1" branch="False" />
            <line number="80" hits="1" branch="False" />
            <line number="82" hits="1" branch="False" />
            <line number="85" hits="5" branch="True" condition-coverage="100% (2/2)">
              <conditions>
                <condition number="970" type="jump" coverage="100%" />
              </conditions>
            </line>
            <line number="86" hits="1" branch="False" />
            <line number="87" hits="5" branch="True" condition-coverage="100% (2/2)">
              <conditions>
                <condition number="922" type="jump" coverage="100%" />
              </conditions>
            </line>
            <line number="88" hits="1" branch="False" />
            <line number="89" hits="1" branch="False" />
            <line number="91" hits="1" branch="False" />
            <line number="92" hits="1" branch="False" />
            <line number="93" hits="1" branch="False" />
            <line number="94" hits="1" branch="False" />
            <line number="95" hits="1" branch="False" />
            <line number="96" hits="1" branch="False" />
            <line number="97" hits="1" branch="False" />
            <line number="98" hits="1" branch="False" />
            <line number="99" hits="1" branch="True" condition-coverage="50% (2/4)">
              <conditions>
                <condition number="777" type="jump" coverage="50%" />
                <condition number="789" type="jump" coverage="50%" />
              </conditions>
            </line>
            <line number="100" hits="1" branch="False" />
            <line number="101" hits="1" branch="False" />
            <line number="102" hits="1" branch="False" />
            <line number="103" hits="1" branch="False" />
            <line number="104" hits="1" branch="True" condition-coverage="100% (2/2)">
              <conditions>
                <condition number="881" type="jump" coverage="100%" />
              </conditions>
            </line>
            <line number="105" hits="1" branch="False" />
            <line number="106" hits="1" branch="False" />
            <line number="109" hits="1" branch="False" />
            <line number="111" hits="1" branch="False" />
            <line number="117" hits="1" branch="False" />
            <line number="118" hits="1" branch="False" />
            <line number="124" hits="1" branch="False" />
            <line number="129" hits="1" branch="False" />
            <line number="134" hits="1" branch="False" />
            <line number="136" hits="1" branch="False" />
            <line number="137" hits="1" branch="False" />
            <line number="138" hits="1" branch="False" />
            <line number="139" hits="1" branch="False" />
          </lines>
        </class>
        <class name="EnviroMonitorApp.Services.EnvironmentalDataApiService/&lt;GetWaterQualityAsync&gt;d__12" filename="https://raw.githubusercontent.com/cooperkeenan/SE_Group_Project/b78d95f823452e7fd1230ca6ad4d90882b2d7510/EnviroMonitorApp.Core/Services/EnvironmentalDataApiService.cs" line-rate="1" branch-rate="1" complexity="1">
          <methods>
            <method name="MoveNext" signature="()" line-rate="1" branch-rate="1" complexity="1">
              <lines>
                <line number="216" hits="1" branch="False" />
                <line number="217" hits="1" branch="False" />
                <line number="218" hits="1" branch="False" />
                <line number="219" hits="1" branch="False" />
                <line number="221" hits="1" branch="False" />
                <line number="222" hits="1" branch="False" />
              </lines>
            </method>
          </methods>
          <lines>
            <line number="216" hits="1" branch="False" />
            <line number="217" hits="1" branch="False" />
            <line number="218" hits="1" branch="False" />
            <line number="219" hits="1" branch="False" />
            <line number="221" hits="1" branch="False" />
            <line number="222" hits="1" branch="False" />
          </lines>
        </class>
        <class name="EnviroMonitorApp.Services.EnvironmentalDataApiService/&lt;GetWaterQualityAsync&gt;d__13" filename="https://raw.githubusercontent.com/cooperkeenan/SE_Group_Project/b78d95f823452e7fd1230ca6ad4d90882b2d7510/EnviroMonitorApp.Core/Services/EnvironmentalDataApiService.cs" line-rate="0.9655" branch-rate="0.95" complexity="20">
          <methods>
            <method name="MoveNext" signature="()" line-rate="0.9655" branch-rate="0.95" complexity="20">
              <lines>
                <line number="232" hits="3" branch="False" />
                <line number="233" hits="3" branch="False" />
                <line number="234" hits="3" branch="False" />
                <line number="235" hits="3" branch="False" />
                <line number="236" hits="3" branch="False" />
                <line number="238" hits="3" branch="False" />
                <line number="241" hits="3" branch="False" />
                <line number="243" hits="3" branch="False" />
                <line number="245" hits="3" branch="False" />
                <line number="247" hits="12" branch="False" />
                <line number="248" hits="12" branch="True" condition-coverage="75% (3/4)">
                  <conditions>
                    <condition number="353" type="jump" coverage="50%" />
                    <condition number="371" type="jump" coverage="100%" />
                  </conditions>
                </line>
                <line number="249" hits="60" branch="True" condition-coverage="100% (2/2)">
                  <conditions>
                    <condition number="811" type="jump" coverage="100%" />
                  </conditions>
                </line>
                <line number="250" hits="12" branch="False" />
                <line number="251" hits="12" branch="True" condition-coverage="100% (2/2)">
                  <conditions>
                    <condition number="460" type="jump" coverage="100%" />
                  </conditions>
                </line>
                <line number="252" hits="0" branch="False" />
                <line number="253" hits="12" branch="False" />
                <line number="255" hits="12" branch="True" condition-coverage="100% (2/2)">
                  <conditions>
                    <condition number="527" type="jump" coverage="100%" />
                  </conditions>
                </line>
                <line number="256" hits="3" branch="False" />
                <line number="258" hits="12" branch="True" condition-coverage="100% (8/8)">
                  <conditions>
                    <condition number="612" type="jump" coverage="100%" />
                    <condition number="626" type="jump" coverage="100%" />
                    <condition number="640" type="jump" coverage="100%" />
                    <condition number="654" type="jump" coverage="100%" />
                  </conditions>
                </line>
                <line number="260" hits="6" branch="False" />
                <line number="261" hits="6" branch="False" />
                <line number="262" hits="6" branch="False" />
                <line number="263" hits="6" branch="False" />
                <line number="265" hits="12" branch="False" />
                <line number="266" hits="12" branch="False" />
                <line number="268" hits="3" branch="False" />
                <line number="270" hits="3" branch="False" />
                <line number="271" hits="3" branch="False" />
                <line number="272" hits="3" branch="False" />
              </lines>
            </method>
          </methods>
          <lines>
            <line number="232" hits="3" branch="False" />
            <line number="233" hits="3" branch="False" />
            <line number="234" hits="3" branch="False" />
            <line number="235" hits="3" branch="False" />
            <line number="236" hits="3" branch="False" />
            <line number="238" hits="3" branch="False" />
            <line number="241" hits="3" branch="False" />
            <line number="243" hits="3" branch="False" />
            <line number="245" hits="3" branch="False" />
            <line number="247" hits="12" branch="False" />
            <line number="248" hits="12" branch="True" condition-coverage="75% (3/4)">
              <conditions>
                <condition number="353" type="jump" coverage="50%" />
                <condition number="371" type="jump" coverage="100%" />
              </conditions>
            </line>
            <line number="249" hits="60" branch="True" condition-coverage="100% (2/2)">
              <conditions>
                <condition number="811" type="jump" coverage="100%" />
              </conditions>
            </line>
            <line number="250" hits="12" branch="False" />
            <line number="251" hits="12" branch="True" condition-coverage="100% (2/2)">
              <conditions>
                <condition number="460" type="jump" coverage="100%" />
              </conditions>
            </line>
            <line number="252" hits="0" branch="False" />
            <line number="253" hits="12" branch="False" />
            <line number="255" hits="12" branch="True" condition-coverage="100% (2/2)">
              <conditions>
                <condition number="527" type="jump" coverage="100%" />
              </conditions>
            </line>
            <line number="256" hits="3" branch="False" />
            <line number="258" hits="12" branch="True" condition-coverage="100% (8/8)">
              <conditions>
                <condition number="612" type="jump" coverage="100%" />
                <condition number="626" type="jump" coverage="100%" />
                <condition number="640" type="jump" coverage="100%" />
                <condition number="654" type="jump" coverage="100%" />
              </conditions>
            </line>
            <line number="260" hits="6" branch="False" />
            <line number="261" hits="6" branch="False" />
            <line number="262" hits="6" branch="False" />
            <line number="263" hits="6" branch="False" />
            <line number="265" hits="12" branch="False" />
            <line number="266" hits="12" branch="False" />
            <line number="268" hits="3" branch="False" />
            <line number="270" hits="3" branch="False" />
            <line number="271" hits="3" branch="False" />
            <line number="272" hits="3" branch="False" />
          </lines>
        </class>
        <class name="EnviroMonitorApp.Services.EnvironmentalDataApiService/&lt;GetWeatherAsync&gt;d__10" filename="https://raw.githubusercontent.com/cooperkeenan/SE_Group_Project/b78d95f823452e7fd1230ca6ad4d90882b2d7510/EnviroMonitorApp.Core/Services/EnvironmentalDataApiService.cs" line-rate="1" branch-rate="1" complexity="4">
          <methods>
            <method name="MoveNext" signature="()" line-rate="1" branch-rate="1" complexity="4">
              <lines>
                <line number="150" hits="3" branch="False" />
                <line number="151" hits="3" branch="True" condition-coverage="100% (4/4)">
                  <conditions>
                    <condition number="68" type="jump" coverage="100%" />
                    <condition number="109" type="jump" coverage="100%" />
                  </conditions>
                </line>
                <line number="152" hits="3" branch="False" />
                <line number="153" hits="2" branch="False" />
                <line number="154" hits="2" branch="False" />
                <line number="156" hits="2" branch="False" />
                <line number="159" hits="1" branch="False" />
                <line number="160" hits="1" branch="False" />
                <line number="161" hits="1" branch="False" />
                <line number="162" hits="1" branch="False" />
                <line number="163" hits="1" branch="False" />
                <line number="164" hits="1" branch="False" />
                <line number="166" hits="1" branch="False" />
                <line number="189" hits="1" branch="False" />
                <line number="191" hits="1" branch="False" />
                <line number="192" hits="1" branch="False" />
                <line number="193" hits="1" branch="False" />
                <line number="195" hits="1" branch="False" />
                <line number="196" hits="3" branch="False" />
              </lines>
            </method>
          </methods>
          <lines>
            <line number="150" hits="3" branch="False" />
            <line number="151" hits="3" branch="True" condition-coverage="100% (4/4)">
              <conditions>
                <condition number="68" type="jump" coverage="100%" />
                <condition number="109" type="jump" coverage="100%" />
              </conditions>
            </line>
            <line number="152" hits="3" branch="False" />
            <line number="153" hits="2" branch="False" />
            <line number="154" hits="2" branch="False" />
            <line number="156" hits="2" branch="False" />
            <line number="159" hits="1" branch="False" />
            <line number="160" hits="1" branch="False" />
            <line number="161" hits="1" branch="False" />
            <line number="162" hits="1" branch="False" />
            <line number="163" hits="1" branch="False" />
            <line number="164" hits="1" branch="False" />
            <line number="166" hits="1" branch="False" />
            <line number="189" hits="1" branch="False" />
            <line number="191" hits="1" branch="False" />
            <line number="192" hits="1" branch="False" />
            <line number="193" hits="1" branch="False" />
            <line number="195" hits="1" branch="False" />
            <line number="196" hits="3" branch="False" />
          </lines>
        </class>
        <class name="EnviroMonitorApp.Services.HttpLoggingHandler/&lt;SendAsync&gt;d__0" filename="https://raw.githubusercontent.com/cooperkeenan/SE_Group_Project/b78d95f823452e7fd1230ca6ad4d90882b2d7510/EnviroMonitorApp.Core/Services/HttpLoggingHandler.cs" line-rate="1" branch-rate="1" complexity="2">
          <methods>
            <method name="MoveNext" signature="()" line-rate="1" branch-rate="1" complexity="2">
              <lines>
                <line number="23" hits="2" branch="False" />
                <line number="24" hits="2" branch="False" />
                <line number="26" hits="2" branch="True" condition-coverage="100% (2/2)">
                  <conditions>
                    <condition number="145" type="jump" coverage="100%" />
                  </conditions>
                </line>
                <line number="27" hits="1" branch="False" />
                <line number="29" hits="2" branch="False" />
                <line number="31" hits="2" branch="False" />
                <line number="32" hits="2" branch="False" />
                <line number="34" hits="2" branch="False" />
                <line number="35" hits="2" branch="False" />
              </lines>
            </method>
          </methods>
          <lines>
            <line number="23" hits="2" branch="False" />
            <line number="24" hits="2" branch="False" />
            <line number="26" hits="2" branch="True" condition-coverage="100% (2/2)">
              <conditions>
                <condition number="145" type="jump" coverage="100%" />
              </conditions>
            </line>
            <line number="27" hits="1" branch="False" />
            <line number="29" hits="2" branch="False" />
            <line number="31" hits="2" branch="False" />
            <line number="32" hits="2" branch="False" />
            <line number="34" hits="2" branch="False" />
            <line number="35" hits="2" branch="False" />
          </lines>
        </class>
        <class name="EnviroMonitorApp.Services.MauiFileSystemService" filename="https://raw.githubusercontent.com/cooperkeenan/SE_Group_Project/b78d95f823452e7fd1230ca6ad4d90882b2d7510/EnviroMonitorApp.Core/Services/MauiFileSystemService.cs" line-rate="0" branch-rate="1" complexity="2">
          <methods>
            <method name="get_AppDataDirectory" signature="()" line-rate="0" branch-rate="1" complexity="1">
              <lines>
                <line number="18" hits="0" branch="False" />
              </lines>
            </method>
            <method name="OpenAppPackageFileAsync" signature="(System.String)" line-rate="0" branch-rate="1" complexity="1">
              <lines>
                <line number="26" hits="0" branch="False" />
                <line number="27" hits="0" branch="False" />
                <line number="28" hits="0" branch="False" />
              </lines>
            </method>
          </methods>
          <lines>
            <line number="18" hits="0" branch="False" />
            <line number="26" hits="0" branch="False" />
            <line number="27" hits="0" branch="False" />
            <line number="28" hits="0" branch="False" />
          </lines>
        </class>
        <class name="EnviroMonitorApp.Services.SqlDataService" filename="https://raw.githubusercontent.com/cooperkeenan/SE_Group_Project/b78d95f823452e7fd1230ca6ad4d90882b2d7510/EnviroMonitorApp.Core/Services/SqlDataService.cs" line-rate="0.8148000000000001" branch-rate="0.75" complexity="6">
          <methods>
            <method name="TryParseTimestamp" signature="(System.String,System.DateTime&amp;)" line-rate="1" branch-rate="1" complexity="2">
              <lines>
                <line number="270" hits="9" branch="False" />
                <line number="271" hits="9" branch="True" condition-coverage="100% (2/2)">
                  <conditions>
                    <condition number="20" type="jump" coverage="100%" />
                  </conditions>
                </line>
                <line number="272" hits="9" branch="False" />
                <line number="273" hits="9" branch="False" />
                <line number="274" hits="9" branch="False" />
                <line number="275" hits="9" branch="False" />
              </lines>
            </method>
            <method name="GetWaterQualityAsync" signature="(System.Int32,System.String)" line-rate="1" branch-rate="1" complexity="1">
              <lines>
                <line number="284" hits="1" branch="False" />
              </lines>
            </method>
            <method name="GetHistoricalWaterQualityAsync" signature="(System.DateTime,System.DateTime,System.String)" line-rate="1" branch-rate="1" complexity="1">
              <lines>
                <line number="294" hits="1" branch="False" />
              </lines>
            </method>
            <method name=".ctor" signature="(EnviroMonitorApp.Services.IFileSystemService)" line-rate="0.7368000000000001" branch-rate="0.5" complexity="2">
              <lines>
                <line number="28" hits="12" branch="False" />
                <line number="29" hits="12" branch="False" />
                <line number="30" hits="12" branch="False" />
                <line number="31" hits="12" branch="False" />
                <line number="33" hits="12" branch="False" />
                <line number="34" hits="12" branch="False" />
                <line number="35" hits="12" branch="False" />
                <line number="37" hits="12" branch="True" condition-coverage="50% (1/2)">
                  <conditions>
                    <condition number="73" type="jump" coverage="50%" />
                  </conditions>
                </line>
                <line number="38" hits="0" branch="False" />
                <line number="39" hits="0" branch="False" />
                <line number="40" hits="0" branch="False" />
                <line number="41" hits="0" branch="False" />
                <line number="42" hits="0" branch="False" />
                <line number="44" hits="12" branch="False" />
                <line number="45" hits="12" branch="False" />
                <line number="46" hits="12" branch="False" />
                <line number="47" hits="12" branch="False" />
                <line number="49" hits="12" branch="False" />
                <line number="50" hits="12" branch="False" />
              </lines>
            </method>
          </methods>
          <lines>
            <line number="270" hits="9" branch="False" />
            <line number="271" hits="9" branch="True" condition-coverage="100% (2/2)">
              <conditions>
                <condition number="20" type="jump" coverage="100%" />
              </conditions>
            </line>
            <line number="272" hits="9" branch="False" />
            <line number="273" hits="9" branch="False" />
            <line number="274" hits="9" branch="False" />
            <line number="275" hits="9" branch="False" />
            <line number="284" hits="1" branch="False" />
            <line number="294" hits="1" branch="False" />
            <line number="28" hits="12" branch="False" />
            <line number="29" hits="12" branch="False" />
            <line number="30" hits="12" branch="False" />
            <line number="31" hits="12" branch="False" />
            <line number="33" hits="12" branch="False" />
            <line number="34" hits="12" branch="False" />
            <line number="35" hits="12" branch="False" />
            <line number="37" hits="12" branch="True" condition-coverage="50% (1/2)">
              <conditions>
                <condition number="73" type="jump" coverage="50%" />
              </conditions>
            </line>
            <line number="38" hits="0" branch="False" />
            <line number="39" hits="0" branch="False" />
            <line number="40" hits="0" branch="False" />
            <line number="41" hits="0" branch="False" />
            <line number="42" hits="0" branch="False" />
            <line number="44" hits="12" branch="False" />
            <line number="45" hits="12" branch="False" />
            <line number="46" hits="12" branch="False" />
            <line number="47" hits="12" branch="False" />
            <line number="49" hits="12" branch="False" />
            <line number="50" hits="12" branch="False" />
          </lines>
        </class>
        <class name="EnviroMonitorApp.Services.SqlDataService/RawAir" filename="https://raw.githubusercontent.com/cooperkeenan/SE_Group_Project/b78d95f823452e7fd1230ca6ad4d90882b2d7510/EnviroMonitorApp.Core/Services/SqlDataService.cs" line-rate="1" branch-rate="1" complexity="5">
          <methods>
            <method name="get_Timestamp" signature="()" line-rate="1" branch-rate="1" complexity="1">
              <lines>
                <line number="90" hits="15" branch="False" />
              </lines>
            </method>
            <method name="get_NO2" signature="()" line-rate="1" branch-rate="1" complexity="1">
              <lines>
                <line number="91" hits="7" branch="False" />
              </lines>
            </method>
            <method name="get_SO2" signature="()" line-rate="1" branch-rate="1" complexity="1">
              <lines>
                <line number="92" hits="7" branch="False" />
              </lines>
            </method>
            <method name="get_PM25" signature="()" line-rate="1" branch-rate="1" complexity="1">
              <lines>
                <line number="93" hits="7" branch="False" />
              </lines>
            </method>
            <method name="get_PM10" signature="()" line-rate="1" branch-rate="1" complexity="1">
              <lines>
                <line number="94" hits="7" branch="False" />
              </lines>
            </method>
          </methods>
          <lines>
            <line number="90" hits="15" branch="False" />
            <line number="91" hits="7" branch="False" />
            <line number="92" hits="7" branch="False" />
[...]
          </lines>
        </class>
        <class name="EnviroMonitorApp.Services.Apis.Parameter" filename="https://raw.githubusercontent.com/cooperkeenan/SE_Group_Project/b78d95f823452e7fd1230ca6ad4d90882b2d7510/EnviroMonitorApp.Core/Services/Apis/LocationResponse.cs" line-rate="1" branch-rate="1" complexity="3">
          <methods>
            <method name="get_Id" signature="()" line-rate="1" branch-rate="1" complexity="1">
              <lines>
                <line number="102" hits="7" branch="False" />
              </lines>
            </method>
            <method name="get_Name" signature="()" line-rate="1" branch-rate="1" complexity="1">
              <lines>
                <line number="107" hits="14" branch="False" />
              </lines>
            </method>
            <method name="get_DisplayName" signature="()" line-rate="1" branch-rate="1" complexity="1">
              <lines>
                <line number="112" hits="12" branch="False" />
              </lines>
            </method>
          </methods>
          <lines>
            <line number="102" hits="7" branch="False" />
            <line number="107" hits="14" branch="False" />
            <line number="112" hits="12" branch="False" />
          </lines>
        </class>
        <class name="EnviroMonitorApp.Services.Apis.DateWrapper" filename="https://raw.githubusercontent.com/cooperkeenan/SE_Group_Project/b78d95f823452e7fd1230ca6ad4d90882b2d7510/EnviroMonitorApp.Core/Services/Apis/LocationResponse.cs" line-rate="1" branch-rate="1" complexity="2">
          <methods>
            <method name="get_Utc" signature="()" line-rate="1" branch-rate="1" complexity="1">
              <lines>
                <line number="124" hits="25" branch="False" />
              </lines>
            </method>
            <method name="get_Local" signature="()" line-rate="1" branch-rate="1" complexity="1">
              <lines>
                <line number="130" hits="21" branch="False" />
              </lines>
            </method>
          </methods>
          <lines>
            <line number="124" hits="25" branch="False" />
            <line number="130" hits="21" branch="False" />
          </lines>
        </class>
        <class name="EnviroMonitorApp.Services.Apis.MeasurementsResponse" filename="https://raw.githubusercontent.com/cooperkeenan/SE_Group_Project/b78d95f823452e7fd1230ca6ad4d90882b2d7510/EnviroMonitorApp.Core/Services/Apis/MeasurementsResponse.cs" line-rate="1" branch-rate="1" complexity="2">
          <methods>
            <method name="get_Meta" signature="()" line-rate="1" branch-rate="1" complexity="1">
              <lines>
                <line number="16" hits="8" branch="False" />
              </lines>
            </method>
            <method name="get_Results" signature="()" line-rate="1" branch-rate="1" complexity="1">
              <lines>
                <line number="21" hits="7" branch="False" />
              </lines>
            </method>
          </methods>
          <lines>
            <line number="16" hits="8" branch="False" />
            <line number="21" hits="7" branch="False" />
          </lines>
        </class>
        <class name="EnviroMonitorApp.Services.Apis.MeasurementsMeta" filename="https://raw.githubusercontent.com/cooperkeenan/SE_Group_Project/b78d95f823452e7fd1230ca6ad4d90882b2d7510/EnviroMonitorApp.Core/Services/Apis/MeasurementsResponse.cs" line-rate="0.8" branch-rate="1" complexity="5">
          <methods>
            <method name="get_Name" signature="()" line-rate="1" branch-rate="1" complexity="1">
              <lines>
                <line number="32" hits="8" branch="False" />
              </lines>
            </method>
            <method name="get_Website" signature="()" line-rate="1" branch-rate="1" complexity="1">
              <lines>
                <line number="37" hits="5" branch="False" />
              </lines>
            </method>
            <method name="get_Page" signature="()" line-rate="1" branch-rate="1" complexity="1">
              <lines>
                <line number="42" hits="5" branch="False" />
              </lines>
            </method>
            <method name="get_Limit" signature="()" line-rate="1" branch-rate="1" complexity="1">
              <lines>
                <line number="47" hits="5" branch="False" />
              </lines>
            </method>
            <method name="get_Found" signature="()" line-rate="0" branch-rate="1" complexity="1">
              <lines>
                <line number="54" hits="0" branch="False" />
              </lines>
            </method>
          </methods>
          <lines>
            <line number="32" hits="8" branch="False" />
            <line number="37" hits="5" branch="False" />
            <line number="42" hits="5" branch="False" />
            <line number="47" hits="5" branch="False" />
            <line number="54" hits="0" branch="False" />
          </lines>
        </class>
        <class name="EnviroMonitorApp.Services.Apis.Measurement" filename="https://raw.githubusercontent.com/cooperkeenan/SE_Group_Project/b78d95f823452e7fd1230ca6ad4d90882b2d7510/EnviroMonitorApp.Core/Services/Apis/MeasurementsResponse.cs" line-rate="1" branch-rate="1" complexity="3">
          <methods>
            <method name="get_Value" signature="()" line-rate="1" branch-rate="1" complexity="1">
              <lines>
                <line number="65" hits="4" branch="False" />
              </lines>
            </method>
            <method name="get_Parameter" signature="()" line-rate="1" branch-rate="1" complexity="1">
              <lines>
                <line number="70" hits="8" branch="False" />
              </lines>
            </method>
            <method name="get_Period" signature="()" line-rate="1" branch-rate="1" complexity="1">
              <lines>
                <line number="75" hits="10" branch="False" />
              </lines>
            </method>
          </methods>
          <lines>
            <line number="65" hits="4" branch="False" />
            <line number="70" hits="8" branch="False" />
            <line number="75" hits="10" branch="False" />
          </lines>
        </class>
        <class name="EnviroMonitorApp.Services.Apis.PeriodWrapper" filename="https://raw.githubusercontent.com/cooperkeenan/SE_Group_Project/b78d95f823452e7fd1230ca6ad4d90882b2d7510/EnviroMonitorApp.Core/Services/Apis/MeasurementsResponse.cs" line-rate="1" branch-rate="1" complexity="4">
          <methods>
            <method name="get_Label" signature="()" line-rate="1" branch-rate="1" complexity="1">
              <lines>
                <line number="86" hits="8" branch="False" />
              </lines>
            </method>
            <method name="get_Interval" signature="()" line-rate="1" branch-rate="1" complexity="1">
              <lines>
                <line number="91" hits="8" branch="False" />
              </lines>
            </method>
            <method name="get_DatetimeFrom" signature="()" line-rate="1" branch-rate="1" complexity="1">
              <lines>
                <line number="97" hits="11" branch="False" />
              </lines>
            </method>
            <method name="get_DatetimeTo" signature="()" line-rate="1" branch-rate="1" complexity="1">
              <lines>
                <line number="103" hits="9" branch="False" />
              </lines>
            </method>
          </methods>
          <lines>
            <line number="86" hits="8" branch="False" />
            <line number="91" hits="8" branch="False" />
            <line number="97" hits="11" branch="False" />
            <line number="103" hits="9" branch="False" />
          </lines>
        </class>
        <class name="EnviroMonitorApp.Models.AirQualityRecord" filename="https://raw.githubusercontent.com/cooperkeenan/SE_Group_Project/b78d95f823452e7fd1230ca6ad4d90882b2d7510/EnviroMonitorApp.Core/Models/AirQualityRecord.cs" line-rate="1" branch-rate="1" complexity="8">
          <methods>
            <method name="get_Timestamp" signature="()" line-rate="1" branch-rate="1" complexity="1">
              <lines>
                <line number="12" hits="9" branch="False" />
              </lines>
            </method>
            <method name="get_NO2" signature="()" line-rate="1" branch-rate="1" complexity="1">
              <lines>
                <line number="17" hits="7" branch="False" />
              </lines>
            </method>
            <method name="get_SO2" signature="()" line-rate="1" branch-rate="1" complexity="1">
              <lines>
                <line number="22" hits="5" branch="False" />
              </lines>
            </method>
            <method name="get_PM25" signature="()" line-rate="1" branch-rate="1" complexity="1">
              <lines>
                <line number="28" hits="5" branch="False" />
              </lines>
            </method>
            <method name="get_PM10" signature="()" line-rate="1" branch-rate="1" complexity="1">
              <lines>
                <line number="34" hits="5" branch="False" />
              </lines>
            </method>
            <method name="get_Pm25" signature="()" line-rate="1" branch-rate="1" complexity="1">
              <lines>
                <line number="39" hits="2" branch="False" />
              </lines>
            </method>
            <method name="get_Pm10" signature="()" line-rate="1" branch-rate="1" complexity="1">
              <lines>
                <line number="44" hits="2" branch="False" />
              </lines>
            </method>
            <method name="get_Category" signature="()" line-rate="1" branch-rate="1" complexity="1">
              <lines>
                <line number="49" hits="2" branch="False" />
              </lines>
            </method>
          </methods>
          <lines>
            <line number="12" hits="9" branch="False" />
            <line number="17" hits="7" branch="False" />
            <line number="22" hits="5" branch="False" />
            <line number="28" hits="5" branch="False" />
            <line number="34" hits="5" branch="False" />
            <line number="39" hits="2" branch="False" />
            <line number="44" hits="2" branch="False" />
            <line number="49" hits="2" branch="False" />
          </lines>
        </class>
        <class name="EnviroMonitorApp.Models.OpenWeatherForecastResponse" filename="https://raw.githubusercontent.com/cooperkeenan/SE_Group_Project/b78d95f823452e7fd1230ca6ad4d90882b2d7510/EnviroMonitorApp.Core/Models/OpenWeatherForecastResponse.cs" line-rate="1" branch-rate="1" complexity="1">
          <methods>
            <method name="get_List" signature="()" line-rate="1" branch-rate="1" complexity="1">
              <lines>
                <line number="10" hits="28" branch="False" />
              </lines>
            </method>
          </methods>
          <lines>
            <line number="10" hits="28" branch="False" />
          </lines>
        </class>
        <class name="EnviroMonitorApp.Models.OpenWeatherForecastResponse/ListItem" filename="https://raw.githubusercontent.com/cooperkeenan/SE_Group_Project/b78d95f823452e7fd1230ca6ad4d90882b2d7510/EnviroMonitorApp.Core/Models/OpenWeatherForecastResponse.cs" line-rate="1" branch-rate="1" complexity="3">
          <methods>
            <method name="get_Dt" signature="()" line-rate="1" branch-rate="1" complexity="1">
              <lines>
                <line number="14" hits="9" branch="False" />
              </lines>
            </method>
            <method name="get_Main" signature="()" line-rate="1" branch-rate="1" complexity="1">
              <lines>
                <line number="15" hits="15" branch="False" />
              </lines>
            </method>
            <method name="get_Wind" signature="()" line-rate="1" branch-rate="1" complexity="1">
              <lines>
                <line number="16" hits="10" branch="False" />
              </lines>
            </method>
          </methods>
          <lines>
            <line number="14" hits="9" branch="False" />
            <line number="15" hits="15" branch="False" />
            <line number="16" hits="10" branch="False" />
          </lines>
        </class>
        <class name="EnviroMonitorApp.Models.OpenWeatherForecastResponse/MainInfo" filename="https://raw.githubusercontent.com/cooperkeenan/SE_Group_Project/b78d95f823452e7fd1230ca6ad4d90882b2d7510/EnviroMonitorApp.Core/Models/OpenWeatherForecastResponse.cs" line-rate="1" branch-rate="1" complexity="2">
          <methods>
            <method name="get_Temp" signature="()" line-rate="1" branch-rate="1" complexity="1">
              <lines>
                <line number="21" hits="12" branch="False" />
              </lines>
            </method>
            <method name="get_Humidity" signature="()" line-rate="1" branch-rate="1" complexity="1">
              <lines>
                <line number="22" hits="10" branch="False" />
              </lines>
            </method>
          </methods>
          <lines>
            <line number="21" hits="12" branch="False" />
            <line number="22" hits="10" branch="False" />
          </lines>
        </class>
        <class name="EnviroMonitorApp.Models.OpenWeatherForecastResponse/WindInfo" filename="https://raw.githubusercontent.com/cooperkeenan/SE_Group_Project/b78d95f823452e7fd1230ca6ad4d90882b2d7510/EnviroMonitorApp.Core/Models/OpenWeatherForecastResponse.cs" line-rate="1" branch-rate="1" complexity="1">
          <methods>
            <method name="get_Speed" signature="()" line-rate="1" branch-rate="1" complexity="1">
              <lines>
                <line number="27" hits="10" branch="False" />
              </lines>
            </method>
          </methods>
          <lines>
            <line number="27" hits="10" branch="False" />
          </lines>
        </class>
        <class name="EnviroMonitorApp.Models.WaterQualityRecord" filename="https://raw.githubusercontent.com/cooperkeenan/SE_Group_Project/b78d95f823452e7fd1230ca6ad4d90882b2d7510/EnviroMonitorApp.Core/Models/WaterQualityRecord.cs" line-rate="1" branch-rate="1" complexity="5">
          <methods>
            <method name="get_Timestamp" signature="()" line-rate="1" branch-rate="1" complexity="1">
              <lines>
                <line number="12" hits="21" branch="False" />
              </lines>
            </method>
            <method name="get_Nitrate" signature="()" line-rate="1" branch-rate="1" complexity="1">
              <lines>
                <line number="17" hits="14" branch="False" />
              </lines>
            </method>
            <method name="get_PH" signature="()" line-rate="1" branch-rate="1" complexity="1">
              <lines>
                <line number="22" hits="12" branch="False" />
              </lines>
            </method>
            <method name="get_DissolvedOxygen" signature="()" line-rate="1" branch-rate="1" complexity="1">
              <lines>
                <line number="27" hits="12" branch="False" />
              </lines>
            </method>
            <method name="get_Temperature" signature="()" line-rate="1" branch-rate="1" complexity="1">
              <lines>
                <line number="32" hits="12" branch="False" />
              </lines>
            </method>
          </methods>
          <lines>
            <line number="12" hits="21" branch="False" />
            <line number="17" hits="14" branch="False" />
            <line number="22" hits="12" branch="False" />
            <line number="27" hits="12" branch="False" />
            <line number="32" hits="12" branch="False" />
          </lines>
        </class>
        <class name="EnviroMonitorApp.Models.WeatherRecord" filename="https://raw.githubusercontent.com/cooperkeenan/SE_Group_Project/b78d95f823452e7fd1230ca6ad4d90882b2d7510/EnviroMonitorApp.Core/Models/WeatherRecord.cs" line-rate="1" branch-rate="1" complexity="13">
          <methods>
            <method name="get_Timestamp" signature="()" line-rate="1" branch-rate="1" complexity="1">
              <lines>
                <line number="16" hits="19" branch="False" />
              </lines>
            </method>
            <method name="get_Temperature" signature="()" line-rate="1" branch-rate="1" complexity="1">
              <lines>
                <line number="22" hits="4" branch="False" />
              </lines>
            </method>
            <method name="get_Humidity" signature="()" line-rate="1" branch-rate="1" complexity="1">
              <lines>
                <line number="28" hits="4" branch="False" />
              </lines>
            </method>
            <method name="get_WindSpeed" signature="()" line-rate="1" branch-rate="1" complexity="1">
              <lines>
                <line number="34" hits="4" branch="False" />
              </lines>
            </method>
            <method name="get_CloudCover" signature="()" line-rate="1" branch-rate="1" complexity="1">
              <lines>
                <line number="40" hits="9" branch="False" />
              </lines>
            </method>
            <method name="get_Sunshine" signature="()" line-rate="1" branch-rate="1" complexity="1">
              <lines>
                <line number="46" hits="6" branch="False" />
              </lines>
            </method>
            <method name="get_GlobalRadiation" signature="()" line-rate="1" branch-rate="1" complexity="1">
              <lines>
                <line number="52" hits="6" branch="False" />
              </lines>
            </method>
            <method name="get_MaxTemp" signature="()" line-rate="1" branch-rate="1" complexity="1">
              <lines>
                <line number="58" hits="6" branch="False" />
              </lines>
            </method>
            <method name="get_MeanTemp" signature="()" line-rate="1" branch-rate="1" complexity="1">
              <lines>
                <line number="64" hits="9" branch="False" />
              </lines>
            </method>
            <method name="get_MinTemp" signature="()" line-rate="1" branch-rate="1" complexity="1">
              <lines>
                <line number="70" hits="6" branch="False" />
              </lines>
            </method>
            <method name="get_Precipitation" signature="()" line-rate="1" branch-rate="1" complexity="1">
              <lines>
                <line number="76" hits="6" branch="False" />
              </lines>
            </method>
            <method name="get_Pressure" signature="()" line-rate="1" branch-rate="1" complexity="1">
              <lines>
                <line number="82" hits="6" branch="False" />
              </lines>
            </method>
            <method name="get_SnowDepth" signature="()" line-rate="1" branch-rate="1" complexity="1">
              <lines>
                <line number="88" hits="6" branch="False" />
              </lines>
            </method>
          </methods>
          <lines>
            <line number="16" hits="19" branch="False" />
            <line number="22" hits="4" branch="False" />
            <line number="28" hits="4" branch="False" />
            <line number="34" hits="4" branch="False" />
            <line number="40" hits="9" branch="False" />
            <line number="46" hits="6" branch="False" />
            <line number="52" hits="6" branch="False" />
            <line number="58" hits="6" branch="False" />
            <line number="64" hits="9" branch="False" />
            <line number="70" hits="6" branch="False" />
            <line number="76" hits="6" branch="False" />
            <line number="82" hits="6" branch="False" />
            <line number="88" hits="6" branch="False" />
          </lines>
        </class>
      </classes>
    </package>
  </packages>
</coverage>